2024-12-24T10:27:47.247Z [error]: All Fields Should Be Filled
2024-12-24T10:28:28.338Z [error]: All Fields Should Be Filled
2024-12-24T10:28:28.340Z [info]: All Fields Should Be Filled
2024-12-24T13:13:18.872Z [info]: User with this mobile number already exists 😒
2024-12-26T05:01:47.069Z [error]: InternalServiceError
2024-12-26T05:33:15.577Z [info]: existing otp user==>>>
2024-12-26T05:40:29.827Z [info]: existing otp user==>>>
2024-12-26T06:06:12.831Z [info]: existing otp user==>>>
2024-12-26T06:42:53.028Z [info]: existing otp user==>>>
2024-12-26T06:46:21.345Z [info]: existing otp user==>>>
2024-12-26T06:46:25.504Z [info]: existing otp user==>>>
2024-12-26T09:36:51.528Z [info]: existing otp user==>>>
2024-12-27T07:51:58.984Z [info]: All Fields Should Be Filled
2024-12-27T07:58:28.610Z [info]: User with this mobile number or email already exists 😒
2024-12-27T07:58:28.622Z [info]: User with this mobile number or email already exists 😒
2024-12-27T08:03:51.200Z [info]: User with this mobile number or email already exists 😒
2024-12-27T08:07:16.634Z [info]: User with this mobile number or email already exists 😒
2024-12-27T08:10:04.711Z [info]: User with this mobile number or email already exists 😒
2024-12-27T08:10:46.816Z [info]: User with this mobile number or email already exists 😒
2024-12-27T08:11:21.294Z [info]: User with this mobile number or email already exists 😒
2024-12-27T08:51:59.152Z [info]: existing otp user==>>>
2024-12-27T09:32:01.942Z [info]: existing otp user==>>>
2024-12-27T09:38:36.592Z [info]: existing otp user==>>>
2024-12-27T09:42:59.226Z [info]: existing otp user==>>>
2024-12-30T04:24:07.992Z [info]: existing otp user==>>>
2024-12-30T12:41:25.749Z [info]: User with this mobile number or email already exists 😒
2024-12-30T12:41:40.791Z [error]: InternalServiceError
2024-12-30T12:42:24.425Z [error]: InternalServiceError
2024-12-30T12:51:05.426Z [info]: User with this mobile number or email already exists 😒
2024-12-30T12:51:31.051Z [info]: User with this mobile number or email already exists 😒
2024-12-31T05:22:23.244Z [info]: existing otp user==>>>
2024-12-31T05:25:28.318Z [info]: existing otp user==>>>
2024-12-31T05:32:53.684Z [info]: existing otp user==>>>
2024-12-31T05:46:27.746Z [info]: existing otp user==>>>
2024-12-31T05:48:27.995Z [info]: existing otp user==>>>
2024-12-31T05:50:34.159Z [info]: existing otp user==>>>
2024-12-31T09:00:17.165Z [info]: existing otp user==>>>
2024-12-31T09:03:31.480Z [info]: existing otp user==>>>
2025-01-02T04:37:48.780Z [info]: existing otp user==>>>
2025-01-02T05:25:02.532Z [info]: existing otp user==>>>
2025-01-02T07:32:11.210Z [info]: existing otp user==>>>
2025-01-02T11:22:11.557Z [info]: existing otp user==>>>
2025-01-03T04:11:53.055Z [info]: existing otp user==>>>
2025-01-03T04:49:43.747Z [info]: existing otp user==>>>
2025-01-03T05:02:02.198Z [info]: existing otp user==>>>
2025-01-03T06:40:37.354Z [info]: existing otp user==>>>
2025-01-03T06:48:13.087Z [info]: existing otp user==>>>
2025-01-03T06:58:47.162Z [info]: existing otp user==>>>
2025-01-03T07:01:44.874Z [info]: existing otp user==>>>
2025-01-03T07:03:44.115Z [info]: existing otp user==>>>
2025-01-03T07:12:12.493Z [info]: existing otp user==>>>
2025-01-03T07:14:55.878Z [info]: existing otp user==>>>
2025-01-03T07:23:43.727Z [info]: existing otp user==>>>
2025-01-03T07:26:49.827Z [info]: existing otp user==>>>
2025-01-03T07:28:13.713Z [info]: existing otp user==>>>
2025-01-03T07:30:01.166Z [info]: existing otp user==>>>
2025-01-03T12:43:03.738Z [info]: existing otp user==>>>
2025-01-03T12:44:23.107Z [info]: existing otp user==>>>
2025-01-06T04:18:32.756Z [info]: existing otp user==>>>
2025-01-06T05:56:25.134Z [info]: existing otp user==>>>
2025-01-06T06:25:29.109Z [info]: existing otp user==>>>
2025-01-06T07:11:53.730Z [info]: client_id, otp in aadhaar otp verification===>
2025-01-06T07:16:29.740Z [info]: client_id, otp in aadhaar otp verification===>
2025-01-06T09:47:50.248Z [info]: existing otp user==>>>
2025-01-06T10:18:21.118Z [info]: serviceTrackingModels===>
2025-01-06T10:18:21.126Z [info]: serviceTrackingModels===>
2025-01-06T10:35:04.822Z [info]: existing otp user==>>>
2025-01-07T04:29:40.042Z [info]: existing otp user==>>>
2025-01-07T06:36:58.883Z [info]: serviceTrackingModels===>
2025-01-07T06:36:58.891Z [info]: serviceTrackingModels===>
2025-01-08T08:00:50.670Z [info]: existing otp user==>>>
2025-01-08T12:26:29.802Z [info]: existing otp user==>>>
2025-01-07T10:13:00.348Z [info]: existing otp user==>>>
2025-01-07T10:18:33.764Z [info]: client_id, otp in aadhaar otp verification===>
2025-01-07T10:28:22.033Z [info]: client_id, otp in aadhaar otp verification===>
2025-01-07T10:31:29.794Z [info]: client_id, otp in aadhaar otp verification===>
2025-01-08T08:19:36.378Z [info]: existing otp user==>>>
2025-01-08T09:03:13.299Z [info]: client_id, otp in aadhaar otp verification===>
2025-01-08T09:03:40.186Z [info]: client_id, otp in aadhaar otp verification===>
2025-01-08T09:05:15.244Z [info]: client_id, otp in aadhaar otp verification===>
2025-01-08T09:05:34.024Z [info]: client_id, otp in aadhaar otp verification===>
2025-01-08T09:11:14.054Z [info]: client_id, otp in aadhaar otp verification===>
2025-01-08T09:16:02.334Z [info]: client_id, otp in aadhaar otp verification===>
2025-01-08T09:17:17.033Z [info]: client_id, otp in aadhaar otp verification===>
2025-01-08T09:19:59.259Z [info]: client_id, otp in aadhaar otp verification===>
2025-01-08T09:20:46.842Z [info]: client_id, otp in aadhaar otp verification===>
2025-01-08T09:21:51.578Z [info]: client_id, otp in aadhaar otp verification===>
2025-01-08T09:39:26.780Z [info]: client_id, otp in aadhaar otp verification===>
2025-01-08T09:43:18.179Z [info]: client_id, otp in aadhaar otp verification===>
2025-01-08T09:44:05.291Z [info]: client_id, otp in aadhaar otp verification===>
2025-01-08T09:46:53.342Z [info]: client_id, otp in aadhaar otp verification===>
2025-01-08T09:54:08.178Z [info]: client_id, otp in aadhaar otp verification===>
2025-01-08T09:57:35.372Z [info]: client_id, otp in aadhaar otp verification===>
2025-01-08T10:00:37.964Z [info]: client_id, otp in aadhaar otp verification===>
2025-01-08T10:01:50.878Z [info]: client_id, otp in aadhaar otp verification===>
2025-01-08T10:04:23.285Z [info]: client_id, otp in aadhaar otp verification===>
2025-01-09T05:33:01.968Z [info]: User with this mobile number or email already exists 😒
2025-01-09T05:33:19.835Z [info]: User with this mobile number or email already exists 😒
2025-01-09T05:33:38.625Z [info]: User with this mobile number or email already exists 😒
2025-01-09T09:12:15.980Z [info]: existing otp user==>>>
2025-01-09T06:12:20.249Z [info]: existing otp user==>>>
2025-01-09T06:14:03.818Z [info]: existing otp user==>>>
2025-01-09T06:14:08.733Z [info]: existing otp user==>>>
2025-01-09T06:14:10.557Z [info]: existing otp user==>>>
2025-01-09T06:14:44.840Z [info]: existing otp user==>>>
2025-01-09T06:15:39.229Z [info]: existing otp user==>>>
2025-01-09T06:16:07.706Z [info]: existing otp user==>>>
2025-01-09T06:17:20.759Z [info]: existing otp user==>>>
2025-01-09T06:21:52.418Z [info]: existing otp user==>>>
2025-01-09T06:22:05.155Z [info]: existing otp user==>>>
2025-01-09T06:22:17.716Z [info]: existing otp user==>>>
2025-01-09T06:22:49.631Z [info]: existing otp user==>>>
2025-01-09T06:23:50.643Z [info]: existing otp user==>>>
2025-01-09T06:24:09.804Z [info]: existing otp user==>>>
2025-01-09T06:24:25.866Z [info]: existing otp user==>>>
2025-01-09T06:25:11.209Z [info]: existing otp user==>>>
2025-01-09T06:27:39.617Z [info]: existing otp user==>>>
2025-01-09T06:28:06.740Z [info]: existing otp user==>>>
2025-01-09T06:32:46.580Z [info]: existing otp user==>>>
2025-01-09T06:54:34.745Z [info]: existing otp user==>>>
2025-01-09T07:05:41.600Z [info]: existing otp user==>>>
2025-01-09T07:16:55.603Z [info]: existing otp user==>>>
2025-01-09T07:24:41.411Z [info]: existing otp user==>>>
2025-01-09T07:26:01.405Z [info]: existing otp user==>>>
2025-01-09T07:27:26.843Z [info]: existing otp user==>>>
2025-01-09T07:30:00.520Z [info]: existing otp user==>>>
2025-01-09T07:31:09.875Z [info]: existing otp user==>>>
2025-01-09T07:33:01.375Z [info]: existing otp user==>>>
2025-01-09T07:37:07.949Z [info]: existing otp user==>>>
2025-01-09T07:41:54.272Z [info]: existing otp user==>>>
2025-01-09T07:51:18.249Z [info]: existing otp user==>>>
2025-01-09T07:55:36.600Z [info]: existing otp user==>>>
2025-01-09T07:57:10.021Z [info]: existing otp user==>>>
2025-01-09T07:58:57.781Z [info]: existing otp user==>>>
2025-01-09T08:00:26.303Z [info]: existing otp user==>>>
2025-01-09T08:01:58.227Z [info]: existing otp user==>>>
2025-01-09T08:03:02.611Z [info]: existing otp user==>>>
2025-01-09T08:10:36.876Z [info]: existing otp user==>>>
2025-01-09T08:52:01.642Z [info]: existing otp user==>>>
2025-01-09T09:23:06.520Z [info]: User with this mobile number or email already exists 😒
2025-01-09T09:24:42.894Z [info]: User with this mobile number or email already exists 😒
2025-01-09T09:25:14.267Z [info]: User with this mobile number or email already exists 😒
2025-01-09T09:32:12.150Z [info]: User with this mobile number or email already exists 😒
2025-01-09T09:32:22.047Z [info]: User with this mobile number or email already exists 😒
2025-01-09T09:34:37.693Z [info]: User with this mobile number or email already exists 😒
2025-01-09T09:36:07.228Z [info]: existing otp user==>>>
2025-01-09T09:37:27.805Z [info]: existing otp user==>>>
2025-01-09T11:06:28.955Z [info]: existing otp user==>>>
2025-01-09T11:20:06.741Z [info]: existing otp user==>>>
2025-01-09T11:34:24.189Z [info]: existing otp user==>>>
2025-01-09T11:43:22.097Z [info]: User with this mobile number or email already exists 😒
2025-01-09T12:55:55.872Z [info]: existing otp user==>>>
2025-01-10T05:45:51.046Z [info]: existing otp user==>>>
2025-01-10T07:02:03.849Z [info]: existing otp user==>>>
2025-01-10T07:06:35.317Z [info]: existing otp user==>>>
2025-01-09T12:51:22.044Z [info]: existing otp user==>>>
2025-01-09T12:54:57.953Z [info]: User with this mobile number or email already exists 😒
2025-01-10T04:00:34.923Z [info]: existing otp user==>>>
2025-01-10T05:35:57.867Z [info]: existing otp user==>>>
2025-01-10T05:47:44.029Z [info]: existing otp user==>>>
2025-01-10T05:51:02.197Z [info]: existing otp user==>>>
2025-01-10T05:52:14.486Z [info]: existing otp user==>>>
2025-01-10T05:54:47.349Z [info]: existing otp user==>>>
2025-01-10T05:56:42.103Z [info]: existing otp user==>>>
2025-01-10T05:57:44.580Z [info]: existing otp user==>>>
2025-01-10T05:57:44.582Z [info]: existing otp user==>>>
2025-01-10T06:00:17.327Z [info]: existing otp user==>>>
2025-01-10T06:00:51.707Z [info]: existing otp user==>>>
2025-01-10T06:01:35.472Z [info]: existing otp user==>>>
2025-01-10T06:05:46.933Z [info]: existing otp user==>>>
2025-01-10T06:07:04.343Z [info]: existing otp user==>>>
2025-01-10T06:09:44.785Z [info]: existing otp user==>>>
2025-01-10T06:10:32.804Z [info]: existing otp user==>>>
2025-01-10T06:11:09.652Z [info]: existing otp user==>>>
2025-01-10T06:12:49.499Z [info]: existing otp user==>>>
2025-01-10T06:13:24.514Z [info]: existing otp user==>>>
2025-01-10T06:14:17.436Z [info]: existing otp user==>>>
2025-01-10T06:14:52.370Z [info]: existing otp user==>>>
2025-01-10T06:16:05.261Z [info]: existing otp user==>>>
2025-01-10T06:16:05.262Z [info]: existing otp user==>>>
2025-01-10T06:16:45.633Z [info]: existing otp user==>>>
2025-01-10T06:18:26.199Z [info]: existing otp user==>>>
2025-01-10T06:19:58.015Z [info]: existing otp user==>>>
2025-01-10T06:21:00.459Z [info]: existing otp user==>>>
2025-01-10T06:26:57.808Z [info]: existing otp user==>>>
2025-01-10T06:26:57.809Z [info]: existing otp user==>>>
2025-01-10T06:26:57.814Z [info]: existing otp user==>>>
2025-01-10T06:26:58.776Z [info]: existing otp user==>>>
2025-01-10T06:26:58.778Z [info]: existing otp user==>>>
2025-01-10T06:26:58.779Z [info]: existing otp user==>>>
2025-01-10T06:26:58.780Z [info]: existing otp user==>>>
2025-01-10T06:26:58.782Z [info]: existing otp user==>>>
2025-01-10T06:26:58.784Z [info]: existing otp user==>>>
2025-01-10T06:26:59.035Z [info]: existing otp user==>>>
2025-01-10T06:29:50.043Z [info]: existing otp user==>>>
2025-01-10T06:51:04.306Z [info]: existing otp user==>>>
2025-01-10T06:54:35.058Z [info]: existing otp user==>>>
2025-01-10T06:54:45.296Z [info]: existing otp user==>>>
2025-01-10T06:55:24.712Z [info]: existing otp user==>>>
2025-01-10T07:17:48.264Z [info]: existing otp user==>>>
2025-01-10T07:57:31.713Z [info]: existing otp user==>>>
2025-01-10T08:06:01.170Z [info]: client_id, otp in aadhaar otp verification===>
2025-01-10T08:51:47.394Z [info]: client_id, otp in aadhaar otp verification===>
2025-01-10T08:54:38.480Z [info]: client_id, otp in aadhaar otp verification===>
2025-01-10T08:59:13.987Z [info]: client_id, otp in aadhaar otp verification===>
2025-01-10T09:01:32.164Z [info]: client_id, otp in aadhaar otp verification===>
2025-01-10T09:03:47.522Z [info]: client_id, otp in aadhaar otp verification===>
2025-01-10T09:13:02.855Z [info]: existing otp user==>>>
2025-01-10T10:43:16.682Z [info]: existing otp user==>>>
2025-01-10T10:48:13.428Z [info]: existing otp user==>>>
2025-01-10T11:23:44.599Z [info]: client_id, otp in aadhaar otp verification===>
2025-01-10T11:28:07.203Z [info]: client_id, otp in aadhaar otp verification===>
2025-01-10T11:28:54.962Z [info]: client_id, otp in aadhaar otp verification===>
2025-01-10T11:29:31.627Z [info]: existing otp user==>>>
2025-01-10T11:41:47.706Z [info]: existing otp user==>>>
2025-01-10T11:46:49.115Z [info]: existing otp user==>>>
2025-01-10T12:21:01.091Z [info]: existing otp user==>>>
2025-01-13T04:07:59.976Z [info]: existing otp user==>>>
2025-01-13T04:10:02.181Z [info]: existing otp user==>>>
2025-01-13T05:36:22.589Z [info]: existing otp user==>>>
2025-01-13T05:42:52.186Z [info]: existing otp user==>>>
2025-01-13T05:45:04.312Z [info]: existing otp user==>>>
2025-01-13T05:49:51.683Z [info]: existing otp user==>>>
2025-01-13T05:52:43.615Z [info]: existing otp user==>>>
2025-01-13T05:57:03.453Z [info]: existing otp user==>>>
2025-01-13T06:01:23.694Z [info]: existing otp user==>>>
2025-01-13T06:02:05.986Z [info]: existing otp user==>>>
2025-01-13T12:10:05.496Z [info]: existing otp user==>>>
2025-01-13T12:15:54.413Z [info]: existing otp user==>>>
2025-01-13T12:54:45.086Z [info]: Incoming request to create order with details: {"userid":"user123","amount":1,"MerchantId":"merchant123","userName":"John Doe","mobileNumber":"9876543210","chargedAmount":1000,"actualAmount":1000,"subService":"Top_Up","finalPayableAmount":1000}
2025-01-13T13:01:38.307Z [info]: Incoming request to create order with details: {"userid":"user123","amount":1,"MerchantId":"merchant123","userName":"John Doe","mobileNumber":"9876543210","chargedAmount":1000,"actualAmount":1000,"subService":"Top_Up","finalPayableAmount":1000}
2025-01-13T13:01:38.308Z [info]: Token validation successful createOrder.
2025-01-13T13:01:38.309Z [info]: Generated receipt number in createOrder: order_rcptid_1736773298309
2025-01-13T13:01:38.309Z [info]: Creating order with Razorpay API...
2025-01-13T13:01:38.455Z [error]: Error occurred while creating order: {"statusCode":401,"error":{"description":"Authentication failed","code":"BAD_REQUEST_ERROR"}}
2025-01-13T13:01:38.455Z [error]: An unexpected error occurred during order creation.
2025-01-13T13:08:01.252Z [info]: Incoming request to create order with details: {"userid":"user123","amount":1,"MerchantId":"MERCHANT93313900","userName":"Vishnu","mobileNumber":"8688571181","chargedAmount":100,"actualAmount":100,"subService":"Top_Up","finalPayableAmount":100}
2025-01-13T13:08:01.254Z [info]: Token validation successful createOrder.
2025-01-13T13:08:01.255Z [info]: Generated receipt number in createOrder: order_rcptid_1736773681255
2025-01-13T13:08:01.256Z [info]: Creating order with Razorpay API...
2025-01-13T13:08:01.403Z [error]: Error occurred while creating order: {"statusCode":401,"error":{"description":"Authentication failed","code":"BAD_REQUEST_ERROR"}}
2025-01-13T13:08:01.404Z [error]: An unexpected error occurred during order creation.
2025-01-13T13:08:24.454Z [info]: Incoming request to create order with details: {"userid":"user123","amount":1,"MerchantId":"MERCHANT93313900","userName":"Vishnu","mobileNumber":"8688571181","chargedAmount":100,"actualAmount":100,"subService":"Top_Up","finalPayableAmount":100}
2025-01-13T13:08:24.456Z [info]: Token validation successful createOrder.
2025-01-13T13:08:24.456Z [info]: Generated receipt number in createOrder: order_rcptid_1736773704456
2025-01-13T13:08:24.457Z [info]: Creating order with Razorpay API...
2025-01-13T13:08:24.611Z [error]: Error occurred while creating order: {"statusCode":401,"error":{"code":"BAD_REQUEST_ERROR","description":"Authentication failed"}}
2025-01-13T13:08:24.612Z [error]: An unexpected error occurred during order creation.
2025-01-15T04:52:15.761Z [info]: existing otp user==>>>
2025-01-15T05:51:06.338Z [info]: existing otp user==>>>
2025-01-15T09:54:22.795Z [info]: existing otp user==>>>
2025-01-15T10:25:47.796Z [info]: existing otp user==>>>
2025-01-15T04:17:37.395Z [info]: Incoming request to create order with details: {"userid":"user123","amount":1,"MerchantId":"MERCHANT93313900","userName":"Vishnu","mobileNumber":"8688571181","chargedAmount":100,"actualAmount":100,"subService":"Top_Up","finalPayableAmount":100}
2025-01-15T04:19:57.370Z [info]: existing otp user==>>>
2025-01-15T04:22:36.289Z [info]: Incoming request to create order with details: {"userid":"user123","amount":1,"MerchantId":"MERCHANT93313900","userName":"Vishnu","mobileNumber":"8688571181","chargedAmount":100,"actualAmount":100,"subService":"Top_Up","finalPayableAmount":100}
2025-01-15T04:22:36.290Z [info]: Token validation successful createOrder.
2025-01-15T04:22:36.290Z [info]: Generated receipt number in createOrder: order_rcptid_1736914956290
2025-01-15T04:22:36.291Z [info]: Creating order with Razorpay API...
2025-01-15T04:22:36.918Z [error]: Error occurred while creating order: {"statusCode":401,"error":{"description":"Authentication failed","code":"BAD_REQUEST_ERROR"}}
2025-01-15T04:22:36.919Z [error]: An unexpected error occurred during order creation.
2025-01-15T04:43:11.172Z [info]: Incoming request to create order with details: {"userid":"12345","amount":5,"MerchantId":"merchant123","userName":"John Doe","mobileNumber":"9876543210","chargedAmount":5,"actualAmount":5,"subService":"Top_Up","finalPayableAmount":5}
2025-01-15T04:43:11.179Z [info]: Token validation successful createOrder.
2025-01-15T04:43:11.181Z [info]: Generated receipt number in createOrder: order_rcptid_1736916191180
2025-01-15T04:43:11.185Z [info]: Creating order with Razorpay API...
2025-01-15T04:43:11.383Z [error]: Error occurred while creating order: {"statusCode":401,"error":{"code":"BAD_REQUEST_ERROR","description":"Authentication failed"}}
2025-01-15T04:43:11.385Z [error]: An unexpected error occurred during order creation.
2025-01-15T05:19:13.525Z [info]: Incoming request to create order with details: {"userid":"12345","amount":5,"MerchantId":"merchant123","userName":"John Doe","mobileNumber":"9876543210","chargedAmount":5,"actualAmount":5,"subService":"Top_Up","finalPayableAmount":5}
2025-01-15T05:19:13.527Z [info]: Token validation successful createOrder.
2025-01-15T05:19:13.528Z [info]: Generated receipt number in createOrder: order_rcptid_1736918353528
2025-01-15T05:19:13.529Z [info]: Creating order with Razorpay API...
2025-01-15T05:19:13.799Z [error]: Error occurred while creating order: {"statusCode":401,"error":{"code":"BAD_REQUEST_ERROR","description":"Authentication failed"}}
2025-01-15T05:19:13.801Z [error]: An unexpected error occurred during order creation.
2025-01-15T05:28:59.599Z [info]: Incoming request to create order with details: {"userid":"12345","amount":5,"MerchantId":"merchant123","userName":"John Doe","mobileNumber":"9876543210","chargedAmount":5,"actualAmount":5,"subService":"Top_Up","finalPayableAmount":5}
2025-01-15T05:28:59.601Z [info]: Token validation successful createOrder.
2025-01-15T05:28:59.602Z [info]: Generated receipt number in createOrder: order_rcptid_1736918939602
2025-01-15T05:28:59.602Z [info]: Creating order with Razorpay API...
2025-01-15T05:29:00.377Z [info]: Order created successfully in createOrder: {"amount":500,"amount_due":500,"amount_paid":0,"attempts":0,"created_at":1736918941,"currency":"INR","entity":"order","id":"order_PjbVDQ9M3Wg626","notes":[],"offer_id":null,"receipt":"order_rcptid_1736918939602","status":"created"}
2025-01-15T05:29:00.383Z [info]: Order data to save in database in createOrder: {"order_id":"order_PjbVDQ9M3Wg626","amount":"500","reciept_no":"order_rcptid_1736918939602","currency":"INR","status":"created","MerchantId":"merchant123","userName":"John Doe","mobileNumber":"9876543210","chargedAmount":5,"actualAmount":5,"orderCreationResponse":{"amount":500,"amount_due":500,"amount_paid":0,"attempts":0,"created_at":1736918941,"currency":"INR","entity":"order","id":"order_PjbVDQ9M3Wg626","notes":[],"offer_id":null,"receipt":"order_rcptid_1736918939602","status":"created"},"detailsToSend":{"userid":"12345","amount":5,"MerchantId":"merchant123","userName":"John Doe","mobileNumber":"9876543210","chargedAmount":5,"actualAmount":5,"subService":"Top_Up","finalPayableAmount":5},"transactionTime":"10:59:00 AM","transactionDate":"15/01/2025","_id":"6787479c320db8b02900d744"}
2025-01-15T05:29:00.402Z [info]: Successfully inserted order details into the database in createOrder.
2025-01-15T06:34:32.758Z [info]: Incoming request to create order with details: {"userid":"12345","amount":5,"MerchantId":"merchant123","userName":"John Doe","mobileNumber":"9876543210","chargedAmount":5,"actualAmount":5,"subService":"Top_Up","finalPayableAmount":5}
2025-01-15T06:34:32.760Z [info]: Token validation successful createOrder.
2025-01-15T06:34:32.761Z [info]: Generated receipt number in createOrder: order_rcptid_1736922872761
2025-01-15T06:34:32.761Z [info]: Creating order with Razorpay API...
2025-01-15T06:34:33.553Z [info]: Order created successfully in createOrder: {"amount":500,"amount_due":500,"amount_paid":0,"attempts":0,"created_at":1736922874,"currency":"INR","entity":"order","id":"order_PjccSc7uGCpX8T","notes":[],"offer_id":null,"receipt":"order_rcptid_1736922872761","status":"created"}
2025-01-15T06:34:33.566Z [info]: Order data to save in database in createOrder: {"order_id":"order_PjccSc7uGCpX8T","amount":"500","reciept_no":"order_rcptid_1736922872761","currency":"INR","status":"created","MerchantId":"merchant123","userName":"John Doe","mobileNumber":"9876543210","chargedAmount":5,"actualAmount":5,"orderCreationResponse":{"amount":500,"amount_due":500,"amount_paid":0,"attempts":0,"created_at":1736922874,"currency":"INR","entity":"order","id":"order_PjccSc7uGCpX8T","notes":[],"offer_id":null,"receipt":"order_rcptid_1736922872761","status":"created"},"detailsToSend":{"userid":"12345","amount":5,"MerchantId":"merchant123","userName":"John Doe","mobileNumber":"9876543210","chargedAmount":5,"actualAmount":5,"subService":"Top_Up","finalPayableAmount":5},"transactionTime":"12:04:33 PM","transactionDate":"15/01/2025","_id":"678756f940ece69fb2671d00"}
2025-01-15T06:34:33.588Z [info]: Successfully inserted order details into the database in createOrder.
2025-01-15T09:32:46.419Z [info]: existing otp user==>>>
2025-01-16T04:33:24.292Z [info]: existing otp user==>>>
2025-01-29T08:28:44.990Z [info]: existing otp user==>>>
2025-01-29T10:10:15.015Z [info]: existing otp user==>>>
2025-01-29T10:32:14.932Z [info]: existing otp user==>>>
2025-01-29T12:07:04.462Z [info]: serviceTrackingModels===>
2025-01-29T12:07:04.469Z [info]: serviceTrackingModels===>
2025-01-29T12:07:35.670Z [info]: serviceTrackingModels===>
2025-01-29T12:07:48.274Z [info]: serviceTrackingModels===>
2025-01-29T12:07:55.409Z [info]: serviceTrackingModels===>
2025-01-29T12:08:49.690Z [info]: existing otp user==>>>
2025-01-29T12:09:35.161Z [info]: existing otp user==>>>
2025-01-29T12:12:03.420Z [info]: existing otp user==>>>
2025-01-29T12:16:54.861Z [info]: existing otp user==>>>
2025-01-29T12:28:32.739Z [info]: existing otp user==>>>
2025-01-29T12:34:53.227Z [info]: serviceTrackingModels===>
2025-01-29T12:34:53.236Z [info]: serviceTrackingModels===>
2025-01-29T12:35:20.682Z [info]: serviceTrackingModels===>
2025-01-29T12:35:26.205Z [info]: serviceTrackingModels===>
2025-01-29T12:37:35.014Z [info]: existing otp user==>>>
2025-01-29T12:48:15.199Z [info]: client_id, otp in aadhaar otp verification===>
2025-01-29T12:49:00.619Z [info]: client_id, otp in aadhaar otp verification===>
2025-01-29T13:01:50.877Z [info]: existing otp user==>>>
2025-01-30T04:14:19.188Z [info]: existing otp user==>>>
2025-01-30T04:21:47.507Z [info]: client_id, otp in aadhaar otp verification===>
2025-01-30T05:38:49.326Z [info]: existing otp user==>>>
2025-01-30T05:52:50.091Z [info]: existing otp user==>>>
